<?xml version="1.0" encoding="UTF-8" ?>
<testsuite errors="0" failures="0" hostname="sagar" name="com.intelligrape.linksharing.UserSpec" tests="6" time="5.872" timestamp="2016-02-12T11:37:56">
  <properties />
  <testcase classname="com.intelligrape.linksharing.UserSpec" name="Test User Validation[0]" time="5.547" />
  <testcase classname="com.intelligrape.linksharing.UserSpec" name="Test User Validation[1]" time="0.054" />
  <testcase classname="com.intelligrape.linksharing.UserSpec" name="Test User Validation[2]" time="0.043" />
  <testcase classname="com.intelligrape.linksharing.UserSpec" name="Test User Validation[3]" time="0.048" />
  <testcase classname="com.intelligrape.linksharing.UserSpec" name="Test User Validation[4]" time="0.044" />
  <testcase classname="com.intelligrape.linksharing.UserSpec" name="Test User Validation[5]" time="0.053" />
  <system-out><![CDATA[--Output from Test User Validation[0]--
[lastUpdated:null, photo:null, resource_ratings:null, firstname:sagar, resources:null, password:amaxx, subscriptions:null, username:sagar, dateCreated:null, active:true, lastname:mal, topics:null, readingItems:null, admin:true, email:sa@gm.com]
--Output from Test User Validation[1]--
[firstname:null, lastname:null, lastUpdated:null, photo:null, resource_ratings:null, admin:false, active:false, resources:null, subscriptions:null, password:sagar, dateCreated:null, topics:null, username:sagarmal624, readingItems:null, email:sa@gm.com]
--Output from Test User Validation[2]--
[firstname:null, lastUpdated:null, photo:null, resource_ratings:null, resources:null, lastname:sagar, subscriptions:null, dateCreated:null, active:null, topics:null, username:null, readingItems:null, admin:true, email:null, password:12345670890]
--Output from Test User Validation[3]--
[lastUpdated:null, photo:null, resource_ratings:null, admin:false, lastname:shankhala, resources:null, firstname:sagarmal, password:125, email:sagar@gm.com, subscriptions:null, username:sagar, dateCreated:null, active:true, topics:null, readingItems:null]
--Output from Test User Validation[4]--
[firstname:null, lastname:null, lastUpdated:null, photo:null, resource_ratings:null, password:null, resources:null, subscriptions:null, dateCreated:null, active:null, topics:null, username:null, readingItems:null, admin:null, email:null]
--Output from Test User Validation[5]--
[firstname:null, lastname:null, lastUpdated:null, photo:null, resource_ratings:null, password:null, resources:null, subscriptions:null, dateCreated:null, active:null, topics:null, username:null, readingItems:null, admin:null, email:null]
]]></system-out>
  <system-err><![CDATA[--Output from Test User Validation[0]--
--Output from Test User Validation[1]--
--Output from Test User Validation[2]--
--Output from Test User Validation[3]--
--Output from Test User Validation[4]--
--Output from Test User Validation[5]--
]]></system-err>
</testsuite>
