<?xml version="1.0" encoding="UTF-8" ?>
<testsuite errors="0" failures="0" hostname="sagar" name="com.intelligrape.linksharing.Document_ResourceSpec" tests="8" time="5.818" timestamp="2016-02-20T07:34:52">
  <properties />
  <testcase classname="com.intelligrape.linksharing.Document_ResourceSpec" name="test for Document Resource[0]" time="5.147" />
  <testcase classname="com.intelligrape.linksharing.Document_ResourceSpec" name="test for Document Resource[1]" time="0.084" />
  <testcase classname="com.intelligrape.linksharing.Document_ResourceSpec" name="test for Document Resource[2]" time="0.077" />
  <testcase classname="com.intelligrape.linksharing.Document_ResourceSpec" name="test for Document Resource[3]" time="0.07" />
  <testcase classname="com.intelligrape.linksharing.Document_ResourceSpec" name="test for Document Resource[4]" time="0.077" />
  <testcase classname="com.intelligrape.linksharing.Document_ResourceSpec" name="test for Document Resource[5]" time="0.075" />
  <testcase classname="com.intelligrape.linksharing.Document_ResourceSpec" name="test for Document Resource[6]" time="0.08" />
  <testcase classname="com.intelligrape.linksharing.Document_ResourceSpec" name="test for Document Resource[7]" time="0.077" />
  <system-out><![CDATA[--Output from test for Document Resource[0]--
[lastUpdated:null, dateCreated:null, topicId:null, resource_ratings:null, description:hello sagar, filepath:/home/sagar/sagar.txt, topic:null, readingItems:null, createdById:null, createdBy:null]
--Output from test for Document Resource[1]--
[lastUpdated:null, dateCreated:null, description:how are you, topicId:null, resource_ratings:null, filepath:null, topic:null, readingItems:null, createdById:null, createdBy:null]
--Output from test for Document Resource[2]--
[lastUpdated:null, dateCreated:null, topicId:null, resource_ratings:null, filepath:123, topic:null, readingItems:null, description:null, createdById:null, createdBy:null]
--Output from test for Document Resource[3]--
[lastUpdated:null, dateCreated:null, topicId:null, resource_ratings:null, filepath:null, topic:null, readingItems:null, description:null, createdById:null, createdBy:null]
--Output from test for Document Resource[4]--
[lastUpdated:null, dateCreated:null, topicId:null, resource_ratings:null, description:i am fine and you, topic:null, readingItems:null, filepath:/home/sagar, createdById:null, createdBy:null]
--Output from test for Document Resource[5]--
[lastUpdated:null, dateCreated:null, topicId:null, resource_ratings:null, filepath:null, topic:null, readingItems:null, description:null, createdById:null, createdBy:null]
--Output from test for Document Resource[6]--
[lastUpdated:null, dateCreated:null, topicId:null, resource_ratings:null, topic:null, readingItems:null, description:15, filepath:13, createdById:null, createdBy:null]
--Output from test for Document Resource[7]--
[lastUpdated:null, dateCreated:null, topicId:null, resource_ratings:null, filepath:null, topic:null, readingItems:null, description:null, createdById:null, createdBy:null]
]]></system-out>
  <system-err><![CDATA[--Output from test for Document Resource[0]--
--Output from test for Document Resource[1]--
--Output from test for Document Resource[2]--
--Output from test for Document Resource[3]--
--Output from test for Document Resource[4]--
--Output from test for Document Resource[5]--
--Output from test for Document Resource[6]--
--Output from test for Document Resource[7]--
]]></system-err>
</testsuite>
